<?xml version="1.0" encoding="UTF-8"?>
<!-- Generated by org.testng.reporters.JUnitXMLReporter -->
<testsuite ignored="0" hostname="LAPTOP-RMRN1P36" failures="0" tests="7" name="Default test" time="0.27" errors="0" timestamp="2021-10-17T10:56:24 IST">
  <testcase classname="calculator.StringCalculatorShould" name="empty_string_should_return_0" time="0.017"/>
  <testcase classname="calculator.StringCalculatorShould" name="multipleDelimiterReturnSum" time="0.004"/>
  <testcase classname="calculator.StringCalculatorShould" name="negativeInputReturnsException" time="0.005"/>
  <testcase classname="calculator.StringCalculatorShould" name="string_with_single_number_should_return_number_as_int" time="0.005"/>
  <testcase classname="calculator.StringCalculatorShould" name="threeNumbersDelimitedBothWayReturnSum" time="0.003"/>
  <testcase classname="calculator.StringCalculatorShould" name="twoNumbersCommaDelimitedReturnSum" time="0.002"/>
  <testcase classname="calculator.StringCalculatorShould" name="twoNumbersNewLineDelimitedReturnSum" time="0.002"/>
</testsuite> <!-- Default test -->
