<?xml version="1.0" encoding="UTF-8"?>
<testng-results ignored="0" total="1" passed="1" failed="0" skipped="0">
  <reporter-output>
  </reporter-output>
  <suite started-at="2021-10-17T10:09:20 IST" name="Default suite" finished-at="2021-10-17T10:09:20 IST" duration-ms="60">
    <groups>
    </groups>
    <test started-at="2021-10-17T10:09:20 IST" name="Default test" finished-at="2021-10-17T10:09:20 IST" duration-ms="60">
      <class name="calculator.StringCalculatorShould">
        <test-method is-config="true" signature="init()[pri:0, instance:calculator.StringCalculatorShould@247d8ae]" started-at="2021-10-17T10:09:20 IST" name="init" finished-at="2021-10-17T10:09:20 IST" duration-ms="12" status="PASS">
          <reporter-output>
          </reporter-output>
        </test-method> <!-- init -->
        <test-method signature="empty_string_should_return_0()[pri:0, instance:calculator.StringCalculatorShould@247d8ae]" started-at="2021-10-17T10:09:20 IST" name="empty_string_should_return_0" finished-at="2021-10-17T10:09:20 IST" duration-ms="10" status="PASS">
          <reporter-output>
          </reporter-output>
        </test-method> <!-- empty_string_should_return_0 -->
      </class> <!-- calculator.StringCalculatorShould -->
    </test> <!-- Default test -->
  </suite> <!-- Default suite -->
</testng-results>
